# project  configured on Tue Mar 10 09:43:34 2015 by
# waf 1.8.0 (abi 98, python 30400f0 on linux)
# using waf configure build
#
----------------------------------------
Setting top to
/home/jeff/Documents/libraries/libsoy
----------------------------------------
Setting out to
/home/jeff/Documents/libraries/libsoy/build
----------------------------------------
Checking for 'gcc' (C compiler)
find program=['gcc', 'cc'] paths=['/usr/local/sbin', '/usr/local/bin', '/usr/sbin', '/usr/bin', '/sbin', '/bin', '/usr/games', '/usr/local/games'] var='CC' -> ['/usr/bin/gcc']
find program=['ar'] paths=['/usr/local/sbin', '/usr/local/bin', '/usr/sbin', '/usr/bin', '/sbin', '/bin', '/usr/games', '/usr/local/games'] var='AR' -> ['/usr/bin/ar']
/usr/bin/gcc
----------------------------------------
Checking for program 'pkg-config'
/usr/bin/pkg-config
find program=['pkg-config'] paths=['/usr/local/sbin', '/usr/local/bin', '/usr/sbin', '/usr/bin', '/sbin', '/bin', '/usr/games', '/usr/local/games'] var='PKGCONFIG' -> ['/usr/bin/pkg-config']
----------------------------------------
Checking for 'gobject-2.0' >= 2.32
['/usr/bin/pkg-config', '--atleast-version=2.32', 'gobject-2.0']
['/usr/bin/pkg-config', '--cflags', '--libs', 'gobject-2.0']
out: -I/usr/include/glib-2.0 -I/usr/lib/x86_64-linux-gnu/glib-2.0/include  -lgobject-2.0 -lglib-2.0  

yes
----------------------------------------
Checking for 'gthread-2.0' >= 2.32
['/usr/bin/pkg-config', '--atleast-version=2.32', 'gthread-2.0']
['/usr/bin/pkg-config', '--cflags', '--libs', 'gthread-2.0']
out: -pthread -I/usr/include/glib-2.0 -I/usr/lib/x86_64-linux-gnu/glib-2.0/include  -pthread -lgthread-2.0 -lglib-2.0  

yes
----------------------------------------
Checking for program 'valac-0.26'
not found
find program=['valac-0.26'] paths=['/usr/local/sbin', '/usr/local/bin', '/usr/sbin', '/usr/bin', '/sbin', '/bin', '/usr/games', '/usr/local/games'] var='VALAC' -> None
from /home/jeff/Documents/libraries/libsoy: Could not find the program ['valac-0.26']
----------------------------------------
Checking for program 'valac-0.24'
not found
find program=['valac-0.24'] paths=['/usr/local/sbin', '/usr/local/bin', '/usr/sbin', '/usr/bin', '/sbin', '/bin', '/usr/games', '/usr/local/games'] var='VALAC' -> None
from /home/jeff/Documents/libraries/libsoy: Could not find the program ['valac-0.24']
----------------------------------------
Checking for program 'valac-0.22'
/usr/bin/valac-0.22
find program=['valac-0.22'] paths=['/usr/local/sbin', '/usr/local/bin', '/usr/sbin', '/usr/bin', '/sbin', '/bin', '/usr/games', '/usr/local/games'] var='VALAC' -> ['/usr/bin/valac-0.22']
['/usr/bin/valac-0.22', '--version']
out: Vala 0.22.1

---------------------------------------------
Checking for valac-0.22 version >= (0, 18, 0)
(0, 22, 1)
---------------------------------------------
Checking for 'x11'
['/usr/bin/pkg-config', '--cflags', '--libs', 'x11']
out:  -lX11  

yes
---------------------------------------------
Checking for 'xi'
['/usr/bin/pkg-config', '--cflags', '--libs', 'xi']
out:  -lXi  

yes
---------------------------------------------
Checking for 'xxf86vm'
['/usr/bin/pkg-config', '--cflags', '--libs', 'xxf86vm']
out:  -lXxf86vm  

yes
---------------------------------------------
Checking for 'egl'
['/usr/bin/pkg-config', '--cflags', '--libs', 'egl']
out: -I/usr/include/libdrm  -lEGL  

yes
---------------------------------------------
Checking for 'glesv2'
['/usr/bin/pkg-config', '--cflags', '--libs', 'glesv2']
out:  -lGLESv2  

yes
---------------------------------------------
Checking for 'dbus-glib-1'
['/usr/bin/pkg-config', '--cflags', '--libs', 'dbus-glib-1']
out: -I/usr/include/dbus-1.0 -I/usr/lib/x86_64-linux-gnu/dbus-1.0/include -I/usr/include/glib-2.0 -I/usr/lib/x86_64-linux-gnu/glib-2.0/include  -ldbus-glib-1 -ldbus-1 -lgobject-2.0 -lglib-2.0  

yes
---------------------------------------------
Checking for 'gmodule-2.0' >= 2.0
['/usr/bin/pkg-config', '--atleast-version=2.0', 'gmodule-2.0']
['/usr/bin/pkg-config', '--cflags', '--libs', 'gmodule-2.0']
out: -pthread -I/usr/include/glib-2.0 -I/usr/lib/x86_64-linux-gnu/glib-2.0/include  -Wl,--export-dynamic -pthread -lgmodule-2.0 -lglib-2.0  

yes
---------------------------------------------
Checking for 'gee-0.8' >= 0.8.0
['/usr/bin/pkg-config', '--atleast-version=0.8.0', 'gee-0.8']
['/usr/bin/pkg-config', '--cflags', '--libs', 'gee-0.8']
out: -I/usr/include/gee-0.8 -I/usr/include/glib-2.0 -I/usr/lib/x86_64-linux-gnu/glib-2.0/include  -lgee-0.8 -lgobject-2.0 -lglib-2.0  

yes
---------------------------------------------
Checking for 'gdk-pixbuf-2.0' >= 2.0
['/usr/bin/pkg-config', '--atleast-version=2.0', 'gdk-pixbuf-2.0']
['/usr/bin/pkg-config', '--cflags', '--libs', 'gdk-pixbuf-2.0']
out: -pthread -I/usr/include/gdk-pixbuf-2.0 -I/usr/include/libpng12 -I/usr/include/glib-2.0 -I/usr/lib/x86_64-linux-gnu/glib-2.0/include  -lgdk_pixbuf-2.0 -lgobject-2.0 -lglib-2.0  

yes
---------------------------------------------
Checking for 'librsvg-2.0' >= 2.36.0
['/usr/bin/pkg-config', '--atleast-version=2.36.0', 'librsvg-2.0']
['/usr/bin/pkg-config', '--cflags', '--libs', 'librsvg-2.0']
out: -pthread -I/usr/include/librsvg-2.0 -I/usr/include/glib-2.0 -I/usr/lib/x86_64-linux-gnu/glib-2.0/include -I/usr/include/gdk-pixbuf-2.0 -I/usr/include/cairo -I/usr/include/libpng12 -I/usr/include/pixman-1 -I/usr/include/freetype2  -lrsvg-2 -lm -lgio-2.0 -lgdk_pixbuf-2.0 -lcairo -lgobject-2.0 -lglib-2.0  

yes
---------------------------------------------
Checking for 'loudmouth-1.0' >= 1.0
['/usr/bin/pkg-config', '--atleast-version=1.0', 'loudmouth-1.0']
['/usr/bin/pkg-config', '--cflags', '--libs', 'loudmouth-1.0']
out: -I/usr/include/glib-2.0 -I/usr/lib/x86_64-linux-gnu/glib-2.0/include -I/usr/include/loudmouth-1.0  -lloudmouth-1 -lidn -lglib-2.0  

yes
---------------------------------------------
Checking for 'nice' >= 0.1
['/usr/bin/pkg-config', '--atleast-version=0.1', 'nice']
['/usr/bin/pkg-config', '--cflags', '--libs', 'nice']
out: -pthread -I/usr/include/glib-2.0 -I/usr/lib/x86_64-linux-gnu/glib-2.0/include -I/usr/include/nice  -pthread -lnice -lgthread-2.0 -lgio-2.0 -lgobject-2.0 -lglib-2.0  

yes
---------------------------------------------
Checking for 'ode'
['/usr/bin/pkg-config', '--cflags', '--libs', 'ode']
out: -DdDOUBLE  -lode  

yes
